2017-04-22 19:22:44,937  WARN [ModalContext] - ScalaProject - Project MyScalaProject has platform default sourceLevel.
2017-04-22 19:22:44,937  WARN [ModalContext] - ScalaProject - Project MyScalaProject runs on platform default installation.
2017-04-22 19:22:44,955  WARN [ModalContext] - ScalaProject - Project Challenge1 has platform default sourceLevel.
2017-04-22 19:22:44,955  WARN [ModalContext] - ScalaProject - Project Challenge1 runs on platform default installation.
2017-04-22 19:22:45,492  WARN [ModalContext] - ScalaProject - Project Challenge1 has platform default sourceLevel.
2017-04-22 19:22:45,492  WARN [ModalContext] - ScalaProject - Project Challenge1 runs on platform default installation.
2017-04-22 19:22:45,510  WARN [ModalContext] - ScalaProject - Project MyScalaProject has platform default sourceLevel.
2017-04-22 19:22:45,511  WARN [ModalContext] - ScalaProject - Project MyScalaProject runs on platform default installation.
2017-04-22 19:22:48,187  WARN [Worker-8] - ScalaProject - Project Challenge1 has platform default sourceLevel.
2017-04-22 19:22:48,187  WARN [Worker-8] - ScalaProject - Project Challenge1 runs on platform default installation.
2017-04-22 19:22:51,364  WARN [main] - ScalaProject - Project Challenge1 has platform default sourceLevel.
2017-04-22 19:22:51,365  WARN [main] - ScalaProject - Project Challenge1 runs on platform default installation.
2017-04-22 19:23:12,945  WARN [Java indexing] - ScalaProject - Project MyScalaProject has platform default sourceLevel.
2017-04-22 19:23:12,945  WARN [Java indexing] - ScalaProject - Project MyScalaProject runs on platform default installation.
2017-04-22 19:23:16,720  WARN [Worker-8] - ScalaProject - Project MyScalaProject has platform default sourceLevel.
2017-04-22 19:23:16,720  WARN [Worker-8] - ScalaProject - Project MyScalaProject runs on platform default installation.
2017-04-23 21:50:48,293  WARN [ModalContext] - ScalaProject - Project Arrays has platform default sourceLevel.
2017-04-23 21:50:48,293  WARN [ModalContext] - ScalaProject - Project Arrays runs on platform default installation.
2017-04-23 21:50:48,509  WARN [ModalContext] - ScalaProject - Project Arrays has platform default sourceLevel.
2017-04-23 21:50:48,509  WARN [ModalContext] - ScalaProject - Project Arrays runs on platform default installation.
2017-04-23 21:50:48,863  WARN [Worker-36] - ScalaProject - Project Arrays has platform default sourceLevel.
2017-04-23 21:50:48,863  WARN [Worker-36] - ScalaProject - Project Arrays runs on platform default installation.
2017-04-23 21:50:55,012  WARN [org.eclipse.jface.text.reconciler.MonoReconciler] - ScalaProject - Project Arrays has platform default sourceLevel.
2017-04-23 21:50:55,012  WARN [org.eclipse.jface.text.reconciler.MonoReconciler] - ScalaProject - Project Arrays runs on platform default installation.
2017-04-24 14:27:02,313  WARN [org.eclipse.jface.text.reconciler.MonoReconciler] - ScalaProject - Project Arrays has platform default sourceLevel.
2017-04-24 14:27:02,337  WARN [org.eclipse.jface.text.reconciler.MonoReconciler] - ScalaProject - Project Arrays runs on platform default installation.
2017-04-24 14:27:02,371  WARN [org.eclipse.jface.text.reconciler.MonoReconciler] - ScalaProject - Project Arrays has platform default sourceLevel.
2017-04-24 14:27:02,372  WARN [org.eclipse.jface.text.reconciler.MonoReconciler] - ScalaProject - Project Arrays runs on platform default installation.
2017-04-24 14:27:03,517  WARN [Worker-5] - ScalaProject - Project MyScalaProject has platform default sourceLevel.
2017-04-24 14:27:03,532  WARN [Worker-5] - ScalaProject - Project MyScalaProject runs on platform default installation.
2017-04-24 14:27:03,533  WARN [Worker-5] - ScalaProject - Project Challenge1 has platform default sourceLevel.
2017-04-24 14:27:03,533  WARN [Worker-5] - ScalaProject - Project Challenge1 runs on platform default installation.
